Building DAG of jobs...
Using shell: /bin/bash
Provided cores: 4
Rules claiming more threads will be scaled down.
Job counts:
	count	jobs
	1	append_class_feature
	1	bin_distances
	1	choose_best_cfmid_score
	1	create_pareto_plot
	1	make_cfmid_energy_dash_collision_energy
	1	remove_inchikeys_in_metlin
	1	replace_collision_energy_with_norm
	1	subset
	8
Select jobs to execute...

[Thu Mar 17 19:50:24 2022]
rule subset:
    input: ../../../results/overall_similarity_result_dot_product_[M+H]+.csv
    output: ../../../results/[M+H]+/hcd/precursor_no/similarity_subset_nist20_only_hcd_only_[M+H]+.txt
    jobid: 7
    wildcards: adduct=[M+H]+, instrument=hcd, precursor_status=precursor_no

[Thu Mar 17 19:50:26 2022]
Finished job 7.
1 of 8 steps (12%) done
Select jobs to execute...

[Thu Mar 17 19:50:26 2022]
rule remove_inchikeys_in_metlin:
    input: ../../../results/[M+H]+/hcd/precursor_no/similarity_subset_nist20_only_hcd_only_[M+H]+.txt, ../../../resources/starting_files/metlin_inchikey_[M+H]+.inchi
    output: ../../../results/[M+H]+/hcd/precursor_no/similarity_subset_nist20_only_hcd_only_[M+H]+_no_metlin.txt
    jobid: 6
    wildcards: adduct=[M+H]+, instrument=hcd, precursor_status=precursor_no

[Thu Mar 17 19:50:28 2022]
Finished job 6.
2 of 8 steps (25%) done
Select jobs to execute...

[Thu Mar 17 19:50:28 2022]
rule bin_distances:
    input: ../../../results/[M+H]+/hcd/precursor_no/similarity_subset_nist20_only_hcd_only_[M+H]+_no_metlin.txt
    output: ../../../results/[M+H]+/hcd/precursor_no/binned_distances_[M+H]+_hcd_precursor_no.txt
    jobid: 5
    wildcards: adduct=[M+H]+, instrument=hcd, precursor_status=precursor_no

[Thu Mar 17 19:50:40 2022]
Finished job 5.
3 of 8 steps (38%) done
Select jobs to execute...

[Thu Mar 17 19:50:40 2022]
rule choose_best_cfmid_score:
    input: ../../../results/[M+H]+/hcd/precursor_no/binned_distances_[M+H]+_hcd_precursor_no.txt
    output: ../../../results/[M+H]+/hcd/precursor_no/best_cfmid_match_[M+H]+_hcd_precursor_no.txt
    jobid: 4
    wildcards: adduct=[M+H]+, instrument=hcd, precursor_status=precursor_no

[Thu Mar 17 19:50:55 2022]
Finished job 4.
4 of 8 steps (50%) done
Select jobs to execute...

[Thu Mar 17 19:50:55 2022]
rule append_class_feature:
    input: ../../../results/[M+H]+/hcd/precursor_no/best_cfmid_match_[M+H]+_hcd_precursor_no.txt, ../../../resources/starting_files/classy_fire_results_csv.csv
    output: ../../../results/[M+H]+/hcd/precursor_no/classes_added_[M+H]+_hcd_precursor_no.txt
    jobid: 3
    wildcards: adduct=[M+H]+, instrument=hcd, precursor_status=precursor_no

Terminating processes on user request, this might take some time.
[Thu Mar 17 19:53:18 2022]
Error in rule append_class_feature:
    jobid: 3
    output: ../../../results/[M+H]+/hcd/precursor_no/classes_added_[M+H]+_hcd_precursor_no.txt

RuleException:
CalledProcessError in line 55 of /home/rictuar/coding_projects/fiehn_work/cfmid/cfmid_redo/workflow/code/original_pipeline/Snakefile:
Command 'set -euo pipefail;  /home/rictuar/anaconda3/bin/python3.8 /home/rictuar/coding_projects/fiehn_work/cfmid/cfmid_redo/workflow/code/original_pipeline/.snakemake/scripts/tmp5366cpge.append_class_feature.py' died with <Signals.SIGINT: 2>.
  File "/home/rictuar/anaconda3/lib/python3.8/site-packages/snakemake/executors/__init__.py", line 2326, in run_wrapper
  File "/home/rictuar/coding_projects/fiehn_work/cfmid/cfmid_redo/workflow/code/original_pipeline/Snakefile", line 55, in __rule_append_class_feature
  File "/home/rictuar/anaconda3/lib/python3.8/site-packages/snakemake/executors/__init__.py", line 568, in _callback
  File "/home/rictuar/anaconda3/lib/python3.8/concurrent/futures/thread.py", line 57, in run
  File "/home/rictuar/anaconda3/lib/python3.8/site-packages/snakemake/executors/__init__.py", line 554, in cached_or_run
  File "/home/rictuar/anaconda3/lib/python3.8/site-packages/snakemake/executors/__init__.py", line 2357, in run_wrapper
Complete log: /home/rictuar/coding_projects/fiehn_work/cfmid/cfmid_redo/workflow/code/original_pipeline/.snakemake/log/2022-03-17T195024.240413.snakemake.log
