Building DAG of jobs...
Using shell: /bin/bash
Provided cores: 1 (use --cores to define parallelism)
Rules claiming more threads will be scaled down.
Job counts:
	count	jobs
	1	append_class_feature
	1	create_pareto_plot
	1	make_cfmid_energy_dash_collision_energy
	1	replace_collision_energy_with_norm
	4
Select jobs to execute...

[Thu Mar 17 20:36:55 2022]
rule append_class_feature:
    input: ../../../results/[M+H]+/hcd/precursor_no/best_cfmid_match_[M+H]+_hcd_precursor_no.txt, ../../../resources/starting_files/classy_fire_results_csv.csv
    output: ../../../results/[M+H]+/hcd/precursor_no/classes_added_[M+H]+_hcd_precursor_no.txt
    jobid: 3
    wildcards: adduct=[M+H]+, instrument=hcd, precursor_status=precursor_no

[Thu Mar 17 20:49:29 2022]
Finished job 3.
1 of 4 steps (25%) done
Select jobs to execute...

[Thu Mar 17 20:49:29 2022]
rule replace_collision_energy_with_norm:
    input: ../../../results/[M+H]+/hcd/precursor_no/classes_added_[M+H]+_hcd_precursor_no.txt
    output: ../../../results/[M+H]+/hcd/precursor_no/collision_modified_[M+H]+_hcd_precursor_no.txt
    jobid: 2
    wildcards: adduct=[M+H]+, instrument=hcd, precursor_status=precursor_no

[Thu Mar 17 20:50:47 2022]
Finished job 2.
2 of 4 steps (50%) done
Select jobs to execute...

[Thu Mar 17 20:50:47 2022]
rule make_cfmid_energy_dash_collision_energy:
    input: ../../../results/[M+H]+/hcd/precursor_no/collision_modified_[M+H]+_hcd_precursor_no.txt
    output: ../../../results/[M+H]+/hcd/precursor_no/cfmid-collision_[M+H]+_hcd_precursor_no.txt
    jobid: 1
    wildcards: adduct=[M+H]+, instrument=hcd, precursor_status=precursor_no

[Thu Mar 17 20:59:07 2022]
Finished job 1.
3 of 4 steps (75%) done
Select jobs to execute...

[Thu Mar 17 20:59:07 2022]
rule create_pareto_plot:
    input: ../../../results/[M+H]+/hcd/precursor_no/cfmid-collision_[M+H]+_hcd_precursor_no.txt
    output: ../../../results/[M+H]+/hcd/precursor_no/pareto_plot_[M+H]+_hcd_precursor_no.html
    jobid: 0
    wildcards: adduct=[M+H]+, instrument=hcd, precursor_status=precursor_no

[Thu Mar 17 20:59:10 2022]
Finished job 0.
4 of 4 steps (100%) done
Complete log: /home/rictuar/coding_projects/fiehn_work/cfmid/cfmid_redo/workflow/code/original_pipeline/.snakemake/log/2022-03-17T203655.195378.snakemake.log
